<?xml version="1.0" encoding="UTF-8"?>
<!-- Generated by org.testng.reporters.JUnitXMLReporter -->
<testsuite ignored="0" hostname="DESKTOP-RR1B0B6" failures="0" tests="2" name="Default test" time="25.702" errors="0" timestamp="2023-01-20T20:37:06 IST">
  <testcase classname="pomclasswithpropertyfile.Guru99_Insurance_Test" name="verifyEmailAddressOfGuru99" time="2.337"/>
  <testcase classname="pomclasswithpropertyfile.Guru99_Insurance_Test" name="getTitle" time="0.287"/>
</testsuite> <!-- Default test -->
