<?xml version="1.0" encoding="UTF-8"?>
<!-- Generated by org.testng.reporters.JUnitXMLReporter -->
<testsuite ignored="2" hostname="DESKTOP-RR1B0B6" failures="0" tests="2" name="Test" time="0.119" errors="0" timestamp="2023-01-12T19:49:22 IST">
  <testcase classname="groupingtce.Test1" name="TC1" time="0.027"/>
  <testcase classname="groupingtce.Test1" name="TC2" time="0.004"/>
  <testcase classname="groupingtce.Test1" name="TC3" time="0.0">
    <ignored/>
  </testcase> <!-- TC3 -->
  <testcase classname="groupingtce.Test1" name="TC4" time="0.0">
    <ignored/>
  </testcase> <!-- TC4 -->
</testsuite> <!-- Test -->
