<?xml version="1.0" encoding="UTF-8"?>
<!-- Generated by org.testng.reporters.JUnitXMLReporter -->
<testsuite ignored="0" hostname="DESKTOP-RR1B0B6" failures="2" tests="6" name="Test" time="0.148" errors="0" timestamp="2023-01-11T19:34:35 IST">
  <testcase classname="mytestsuit.Demo6" name="TC1" time="0.016"/>
  <testcase classname="mytestsuit.Demo6" name="TC2" time="0.003"/>
  <testcase classname="mytestsuit.Demo5" name="TC3" time="0.006">
    <failure type="java.lang.AssertionError" message="null">
      <![CDATA[java.lang.AssertionError: null
at mytestsuit.Demo5.TC3(Demo5.java:13)
at java.base/java.util.ArrayList.forEach(ArrayList.java:1511)
... Removed 29 stack frames]]>
    </failure>
  </testcase> <!-- TC3 -->
  <testcase classname="mytestsuit.Demo5" name="TC4" time="0.004"/>
  <testcase classname="mytestsuit.Demo7" name="TC5" time="0.001"/>
  <testcase classname="mytestsuit.Demo7" name="TC6" time="0.002">
    <failure type="java.lang.AssertionError" message="null">
      <![CDATA[java.lang.AssertionError: null
at mytestsuit.Demo7.TC6(Demo7.java:20)
at java.base/java.util.ArrayList.forEach(ArrayList.java:1511)
... Removed 29 stack frames]]>
    </failure>
  </testcase> <!-- TC6 -->
</testsuite> <!-- Test -->
